<?xml version="1.0" encoding="UTF-8"?>
<persistence version="2.1"
	xmlns="http://xmlns.jcp.org/xml/ns/persistence" xmlns:xsi="http://www.w3.org/2001/XMLSchema-instance"
	xsi:schemaLocation="http://xmlns.jcp.org/xml/ns/persistence http://xmlns.jcp.org/xml/ns/persistence/persistence_2_1.xsd">

	<persistence-unit name="tennistourPU" transaction-type="JTA">
		<jta-data-source>java:/jboss/datasources/TennistourDS</jta-data-source>
		<properties>

			<property name="javax.persistence.schema-generation.database.action"
				value="create" />
			<property name="javax.persistence.schema-generation.create-source"
				value="metadata" />
			<property name="javax.persistence.schema-generation.create-database-schemas" value="true"/>
			<property name="javax.persistence.schema-generation.drop-source"
				value="metadata" />
			<property name="hibernate.show_sql" value="true" />
			<property name="hibernate.dialect" value="org.hibernate.dialect.MySQLDialect"/>


			<!-- <property name="javax.persistence.schema-generation.database.action" 
				value="drop-and-create" /> <property name="javax.persistence.schema-generation.create-source"
				value="script" /> <property name="javax.persistence.schema-generation.drop-source"
				value="script" /> <property name="javax.persistence.schema-generation.create-script-source"
				value="META-INF/create.sql" /> <property name="javax.persistence.schema-generation.drop-script-source"
				value="META-INF/drop.sql" /> -->


		</properties>
	</persistence-unit>
</persistence>
